<?xml version="1.0" encoding="UTF-8"?>
<!-- Generated by org.testng.reporters.JUnitXMLReporter -->
<testsuite hostname="Lenovo" ignored="0" name="Default test" tests="3" failures="0" timestamp="13 Jan 2021 06:51:40 GMT" time="147.806" errors="0">
  <testcase name="FDCal" time="1.626" classname="ICICI.Bank.FDCalculator"/>
  <testcase name="calculation" time="17.835" classname="ICICI.Bank.FDCalculator"/>
  <testcase name="takeScreenshot" time="51.308" classname="ICICI.Bank.FDCalculator"/>
</testsuite> <!-- Default test -->
